2022-08-19T17:39:56.011+0200 [DEBUG] [org.gradle.launcher.daemon.bootstrap.DaemonMain] Assuming the daemon was started with following jvm opts: [--add-opens, java.base/java.util=ALL-UNNAMED, --add-opens, java.base/java.lang=ALL-UNNAMED, --add-opens, java.base/java.lang.invoke=ALL-UNNAMED, --add-opens, java.base/java.util=ALL-UNNAMED, --add-opens, java.prefs/java.util.prefs=ALL-UNNAMED, --add-opens, java.prefs/java.util.prefs=ALL-UNNAMED, --add-opens, java.base/java.nio.charset=ALL-UNNAMED, --add-opens, java.base/java.net=ALL-UNNAMED, --add-opens, java.base/java.util.concurrent.atomic=ALL-UNNAMED, -Xmx2048m, -Dfile.encoding=UTF-8, -Duser.country=US, -Duser.language=en, -Duser.variant]
2022-08-19T17:39:56.101+0200 [DEBUG] [org.gradle.internal.nativeintegration.services.NativeServices] Native-platform posix files integration is not available. Continuing with fallback.
2022-08-19T17:39:56.109+0200 [INFO] [org.gradle.launcher.daemon.server.Daemon] start() called on daemon - DefaultDaemonContext[uid=63e73a0f-b564-4b4c-95d1-6abb6282299c,javaHome=D:\Programs\Android\Android Studio\jre,daemonRegistryDir=D:\Files\Trainings\SilverKey Technologies\Android Intern\NewsFeed\daemon,pid=12908,idleTimeout=10800000,priority=NORMAL,daemonOpts=--add-opens,java.base/java.util=ALL-UNNAMED,--add-opens,java.base/java.lang=ALL-UNNAMED,--add-opens,java.base/java.lang.invoke=ALL-UNNAMED,--add-opens,java.base/java.util=ALL-UNNAMED,--add-opens,java.prefs/java.util.prefs=ALL-UNNAMED,--add-opens,java.prefs/java.util.prefs=ALL-UNNAMED,--add-opens,java.base/java.nio.charset=ALL-UNNAMED,--add-opens,java.base/java.net=ALL-UNNAMED,--add-opens,java.base/java.util.concurrent.atomic=ALL-UNNAMED,-Xmx2048m,-Dfile.encoding=UTF-8,-Duser.country=US,-Duser.language=en,-Duser.variant]
2022-08-19T17:39:56.428+0200 [DEBUG] [org.gradle.internal.remote.internal.inet.InetAddresses] Adding IP addresses for network interface Software Loopback Interface 1
2022-08-19T17:39:56.430+0200 [DEBUG] [org.gradle.internal.remote.internal.inet.InetAddresses] Is this a loopback interface? true
2022-08-19T17:39:56.430+0200 [DEBUG] [org.gradle.internal.remote.internal.inet.InetAddresses] Adding loopback address /127.0.0.1
2022-08-19T17:39:56.430+0200 [DEBUG] [org.gradle.internal.remote.internal.inet.InetAddresses] Adding loopback address /0:0:0:0:0:0:0:1
2022-08-19T17:39:56.431+0200 [DEBUG] [org.gradle.internal.remote.internal.inet.InetAddresses] Adding IP addresses for network interface WAN Miniport (L2TP)
2022-08-19T17:39:56.432+0200 [DEBUG] [org.gradle.internal.remote.internal.inet.InetAddresses] Is this a loopback interface? false
2022-08-19T17:39:56.433+0200 [DEBUG] [org.gradle.internal.remote.internal.inet.InetAddresses] Adding IP addresses for network interface Microsoft 6to4 Adapter
2022-08-19T17:39:56.434+0200 [DEBUG] [org.gradle.internal.remote.internal.inet.InetAddresses] Is this a loopback interface? false
2022-08-19T17:39:56.434+0200 [DEBUG] [org.gradle.internal.remote.internal.inet.InetAddresses] Adding IP addresses for network interface Microsoft Wi-Fi Direct Virtual Adapter #3-VirtualBox NDIS Light-Weight Filter-0000
2022-08-19T17:39:56.436+0200 [DEBUG] [org.gradle.internal.remote.internal.inet.InetAddresses] Is this a loopback interface? false
2022-08-19T17:39:56.436+0200 [DEBUG] [org.gradle.internal.remote.internal.inet.InetAddresses] Adding IP addresses for network interface WAN Miniport (PPPOE)
2022-08-19T17:39:56.437+0200 [DEBUG] [org.gradle.internal.remote.internal.inet.InetAddresses] Is this a loopback interface? false
2022-08-19T17:39:56.438+0200 [DEBUG] [org.gradle.internal.remote.internal.inet.InetAddresses] Adding IP addresses for network interface WAN Miniport (IKEv2)
2022-08-19T17:39:56.439+0200 [DEBUG] [org.gradle.internal.remote.internal.inet.InetAddresses] Is this a loopback interface? false
2022-08-19T17:39:56.439+0200 [DEBUG] [org.gradle.internal.remote.internal.inet.InetAddresses] Adding IP addresses for network interface Microsoft IP-HTTPS Platform Adapter
2022-08-19T17:39:56.441+0200 [DEBUG] [org.gradle.internal.remote.internal.inet.InetAddresses] Is this a loopback interface? false
2022-08-19T17:39:56.441+0200 [DEBUG] [org.gradle.internal.remote.internal.inet.InetAddresses] Adding IP addresses for network interface Intel(R) Wi-Fi 6 AX201 160MHz
2022-08-19T17:39:56.442+0200 [DEBUG] [org.gradle.internal.remote.internal.inet.InetAddresses] Is this a loopback interface? false
2022-08-19T17:39:56.442+0200 [DEBUG] [org.gradle.internal.remote.internal.inet.InetAddresses] Adding remote address /192.168.1.11
2022-08-19T17:39:56.443+0200 [DEBUG] [org.gradle.internal.remote.internal.inet.InetAddresses] Adding remote address /fdd8:2918:c6d6:6a00:5d77:a123:e935:12a6
2022-08-19T17:39:56.443+0200 [DEBUG] [org.gradle.internal.remote.internal.inet.InetAddresses] Adding remote address /fdd8:2918:c6d6:6a00:69f5:e926:ed47:21bb
2022-08-19T17:39:56.443+0200 [DEBUG] [org.gradle.internal.remote.internal.inet.InetAddresses] Adding remote address /fe80:0:0:0:5d77:a123:e935:12a6%wlan1
2022-08-19T17:39:56.443+0200 [DEBUG] [org.gradle.internal.remote.internal.inet.InetAddresses] Adding IP addresses for network interface WAN Miniport (SSTP)
2022-08-19T17:39:56.445+0200 [DEBUG] [org.gradle.internal.remote.internal.inet.InetAddresses] Is this a loopback interface? false
2022-08-19T17:39:56.445+0200 [DEBUG] [org.gradle.internal.remote.internal.inet.InetAddresses] Adding IP addresses for network interface WAN Miniport (IP)
2022-08-19T17:39:56.446+0200 [DEBUG] [org.gradle.internal.remote.internal.inet.InetAddresses] Is this a loopback interface? false
2022-08-19T17:39:56.446+0200 [DEBUG] [org.gradle.internal.remote.internal.inet.InetAddresses] Adding IP addresses for network interface WAN Miniport (PPTP)
2022-08-19T17:39:56.448+0200 [DEBUG] [org.gradle.internal.remote.internal.inet.InetAddresses] Is this a loopback interface? false
2022-08-19T17:39:56.448+0200 [DEBUG] [org.gradle.internal.remote.internal.inet.InetAddresses] Adding IP addresses for network interface Microsoft Wi-Fi Direct Virtual Adapter #3
2022-08-19T17:39:56.450+0200 [DEBUG] [org.gradle.internal.remote.internal.inet.InetAddresses] Is this a loopback interface? false
2022-08-19T17:39:56.450+0200 [DEBUG] [org.gradle.internal.remote.internal.inet.InetAddresses] Adding remote address /fe80:0:0:0:c099:3c92:dfe3:601%wlan2
2022-08-19T17:39:56.450+0200 [DEBUG] [org.gradle.internal.remote.internal.inet.InetAddresses] Adding IP addresses for network interface WAN Miniport (IP)-WFP Native MAC Layer LightWeight Filter-0000
2022-08-19T17:39:56.452+0200 [DEBUG] [org.gradle.internal.remote.internal.inet.InetAddresses] Is this a loopback interface? false
2022-08-19T17:39:56.452+0200 [DEBUG] [org.gradle.internal.remote.internal.inet.InetAddresses] Adding IP addresses for network interface Microsoft Teredo Tunneling Adapter
2022-08-19T17:39:56.454+0200 [DEBUG] [org.gradle.internal.remote.internal.inet.InetAddresses] Is this a loopback interface? false
2022-08-19T17:39:56.454+0200 [DEBUG] [org.gradle.internal.remote.internal.inet.InetAddresses] Adding IP addresses for network interface VirtualBox Host-Only Ethernet Adapter
2022-08-19T17:39:56.455+0200 [DEBUG] [org.gradle.internal.remote.internal.inet.InetAddresses] Is this a loopback interface? false
2022-08-19T17:39:56.455+0200 [DEBUG] [org.gradle.internal.remote.internal.inet.InetAddresses] Adding remote address /192.168.56.1
2022-08-19T17:39:56.456+0200 [DEBUG] [org.gradle.internal.remote.internal.inet.InetAddresses] Adding remote address /fe80:0:0:0:3dd3:7bc6:dcd:99af%eth2
2022-08-19T17:39:56.456+0200 [DEBUG] [org.gradle.internal.remote.internal.inet.InetAddresses] Adding IP addresses for network interface RAS Async Adapter
2022-08-19T17:39:56.457+0200 [DEBUG] [org.gradle.internal.remote.internal.inet.InetAddresses] Is this a loopback interface? false
2022-08-19T17:39:56.457+0200 [DEBUG] [org.gradle.internal.remote.internal.inet.InetAddresses] Adding IP addresses for network interface Microsoft Wi-Fi Direct Virtual Adapter #4
2022-08-19T17:39:56.459+0200 [DEBUG] [org.gradle.internal.remote.internal.inet.InetAddresses] Is this a loopback interface? false
2022-08-19T17:39:56.459+0200 [DEBUG] [org.gradle.internal.remote.internal.inet.InetAddresses] Adding remote address /fe80:0:0:0:65c3:ad33:9ae3:c4d9%wlan3
2022-08-19T17:39:56.459+0200 [DEBUG] [org.gradle.internal.remote.internal.inet.InetAddresses] Adding IP addresses for network interface WAN Miniport (IPv6)
2022-08-19T17:39:56.460+0200 [DEBUG] [org.gradle.internal.remote.internal.inet.InetAddresses] Is this a loopback interface? false
2022-08-19T17:39:56.461+0200 [DEBUG] [org.gradle.internal.remote.internal.inet.InetAddresses] Adding IP addresses for network interface Realtek PCIe GbE Family Controller
2022-08-19T17:39:56.462+0200 [DEBUG] [org.gradle.internal.remote.internal.inet.InetAddresses] Is this a loopback interface? false
2022-08-19T17:39:56.462+0200 [DEBUG] [org.gradle.internal.remote.internal.inet.InetAddresses] Adding remote address /fe80:0:0:0:f444:d7aa:c812:87e1%eth4
2022-08-19T17:39:56.462+0200 [DEBUG] [org.gradle.internal.remote.internal.inet.InetAddresses] Adding IP addresses for network interface Bluetooth Device (Personal Area Network)
2022-08-19T17:39:56.464+0200 [DEBUG] [org.gradle.internal.remote.internal.inet.InetAddresses] Is this a loopback interface? false
2022-08-19T17:39:56.464+0200 [DEBUG] [org.gradle.internal.remote.internal.inet.InetAddresses] Adding remote address /fe80:0:0:0:f816:bee2:9640:328f%eth5
2022-08-19T17:39:56.464+0200 [DEBUG] [org.gradle.internal.remote.internal.inet.InetAddresses] Adding IP addresses for network interface Microsoft Kernel Debug Network Adapter
2022-08-19T17:39:56.465+0200 [DEBUG] [org.gradle.internal.remote.internal.inet.InetAddresses] Is this a loopback interface? false
2022-08-19T17:39:56.465+0200 [DEBUG] [org.gradle.internal.remote.internal.inet.InetAddresses] Adding IP addresses for network interface WAN Miniport (Network Monitor)
2022-08-19T17:39:56.467+0200 [DEBUG] [org.gradle.internal.remote.internal.inet.InetAddresses] Is this a loopback interface? false
2022-08-19T17:39:56.467+0200 [DEBUG] [org.gradle.internal.remote.internal.inet.InetAddresses] Adding IP addresses for network interface Microsoft Wi-Fi Direct Virtual Adapter #3-QoS Packet Scheduler-0000
2022-08-19T17:39:56.468+0200 [DEBUG] [org.gradle.internal.remote.internal.inet.InetAddresses] Is this a loopback interface? false
2022-08-19T17:39:56.468+0200 [DEBUG] [org.gradle.internal.remote.internal.inet.InetAddresses] Adding IP addresses for network interface Microsoft Wi-Fi Direct Virtual Adapter #3-WFP 802.3 MAC Layer LightWeight Filter-0000
2022-08-19T17:39:56.470+0200 [DEBUG] [org.gradle.internal.remote.internal.inet.InetAddresses] Is this a loopback interface? false
2022-08-19T17:39:56.470+0200 [DEBUG] [org.gradle.internal.remote.internal.inet.InetAddresses] Adding IP addresses for network interface Microsoft Wi-Fi Direct Virtual Adapter #4-WFP Native MAC Layer LightWeight Filter-0000
2022-08-19T17:39:56.471+0200 [DEBUG] [org.gradle.internal.remote.internal.inet.InetAddresses] Is this a loopback interface? false
2022-08-19T17:39:56.471+0200 [DEBUG] [org.gradle.internal.remote.internal.inet.InetAddresses] Adding IP addresses for network interface Microsoft Wi-Fi Direct Virtual Adapter #4-Native WiFi Filter Driver-0000
2022-08-19T17:39:56.473+0200 [DEBUG] [org.gradle.internal.remote.internal.inet.InetAddresses] Is this a loopback interface? false
2022-08-19T17:39:56.473+0200 [DEBUG] [org.gradle.internal.remote.internal.inet.InetAddresses] Adding IP addresses for network interface VirtualBox Host-Only Ethernet Adapter-WFP Native MAC Layer LightWeight Filter-0000
2022-08-19T17:39:56.474+0200 [DEBUG] [org.gradle.internal.remote.internal.inet.InetAddresses] Is this a loopback interface? false
2022-08-19T17:39:56.474+0200 [DEBUG] [org.gradle.internal.remote.internal.inet.InetAddresses] Adding IP addresses for network interface VirtualBox Host-Only Ethernet Adapter-QoS Packet Scheduler-0000
2022-08-19T17:39:56.475+0200 [DEBUG] [org.gradle.internal.remote.internal.inet.InetAddresses] Is this a loopback interface? false
2022-08-19T17:39:56.475+0200 [DEBUG] [org.gradle.internal.remote.internal.inet.InetAddresses] Adding IP addresses for network interface VirtualBox Host-Only Ethernet Adapter-WFP 802.3 MAC Layer LightWeight Filter-0000
2022-08-19T17:39:56.477+0200 [DEBUG] [org.gradle.internal.remote.internal.inet.InetAddresses] Is this a loopback interface? false
2022-08-19T17:39:56.477+0200 [DEBUG] [org.gradle.internal.remote.internal.inet.InetAddresses] Adding IP addresses for network interface WAN Miniport (IP)-QoS Packet Scheduler-0000
2022-08-19T17:39:56.478+0200 [DEBUG] [org.gradle.internal.remote.internal.inet.InetAddresses] Is this a loopback interface? false
2022-08-19T17:39:56.478+0200 [DEBUG] [org.gradle.internal.remote.internal.inet.InetAddresses] Adding IP addresses for network interface Realtek PCIe GbE Family Controller-WFP Native MAC Layer LightWeight Filter-0000
2022-08-19T17:39:56.480+0200 [DEBUG] [org.gradle.internal.remote.internal.inet.InetAddresses] Is this a loopback interface? false
2022-08-19T17:39:56.480+0200 [DEBUG] [org.gradle.internal.remote.internal.inet.InetAddresses] Adding IP addresses for network interface Realtek PCIe GbE Family Controller-VirtualBox NDIS Light-Weight Filter-0000
2022-08-19T17:39:56.481+0200 [DEBUG] [org.gradle.internal.remote.internal.inet.InetAddresses] Is this a loopback interface? false
2022-08-19T17:39:56.481+0200 [DEBUG] [org.gradle.internal.remote.internal.inet.InetAddresses] Adding IP addresses for network interface Realtek PCIe GbE Family Controller-QoS Packet Scheduler-0000
2022-08-19T17:39:56.483+0200 [DEBUG] [org.gradle.internal.remote.internal.inet.InetAddresses] Is this a loopback interface? false
2022-08-19T17:39:56.483+0200 [DEBUG] [org.gradle.internal.remote.internal.inet.InetAddresses] Adding IP addresses for network interface Realtek PCIe GbE Family Controller-WFP 802.3 MAC Layer LightWeight Filter-0000
2022-08-19T17:39:56.484+0200 [DEBUG] [org.gradle.internal.remote.internal.inet.InetAddresses] Is this a loopback interface? false
2022-08-19T17:39:56.484+0200 [DEBUG] [org.gradle.internal.remote.internal.inet.InetAddresses] Adding IP addresses for network interface Intel(R) Wi-Fi 6 AX201 160MHz-WFP Native MAC Layer LightWeight Filter-0000
2022-08-19T17:39:56.486+0200 [DEBUG] [org.gradle.internal.remote.internal.inet.InetAddresses] Is this a loopback interface? false
2022-08-19T17:39:56.486+0200 [DEBUG] [org.gradle.internal.remote.internal.inet.InetAddresses] Adding IP addresses for network interface Intel(R) Wi-Fi 6 AX201 160MHz-Virtual WiFi Filter Driver-0000
2022-08-19T17:39:56.487+0200 [DEBUG] [org.gradle.internal.remote.internal.inet.InetAddresses] Is this a loopback interface? false
2022-08-19T17:39:56.487+0200 [DEBUG] [org.gradle.internal.remote.internal.inet.InetAddresses] Adding IP addresses for network interface Intel(R) Wi-Fi 6 AX201 160MHz-Native WiFi Filter Driver-0000
2022-08-19T17:39:56.488+0200 [DEBUG] [org.gradle.internal.remote.internal.inet.InetAddresses] Is this a loopback interface? false
2022-08-19T17:39:56.489+0200 [DEBUG] [org.gradle.internal.remote.internal.inet.InetAddresses] Adding IP addresses for network interface Intel(R) Wi-Fi 6 AX201 160MHz-VirtualBox NDIS Light-Weight Filter-0000
2022-08-19T17:39:56.490+0200 [DEBUG] [org.gradle.internal.remote.internal.inet.InetAddresses] Is this a loopback interface? false
2022-08-19T17:39:56.490+0200 [DEBUG] [org.gradle.internal.remote.internal.inet.InetAddresses] Adding IP addresses for network interface Intel(R) Wi-Fi 6 AX201 160MHz-QoS Packet Scheduler-0000
2022-08-19T17:39:56.491+0200 [DEBUG] [org.gradle.internal.remote.internal.inet.InetAddresses] Is this a loopback interface? false
2022-08-19T17:39:56.491+0200 [DEBUG] [org.gradle.internal.remote.internal.inet.InetAddresses] Adding IP addresses for network interface Intel(R) Wi-Fi 6 AX201 160MHz-WFP 802.3 MAC Layer LightWeight Filter-0000
2022-08-19T17:39:56.493+0200 [DEBUG] [org.gradle.internal.remote.internal.inet.InetAddresses] Is this a loopback interface? false
2022-08-19T17:39:56.493+0200 [DEBUG] [org.gradle.internal.remote.internal.inet.InetAddresses] Adding IP addresses for network interface WAN Miniport (IPv6)-WFP Native MAC Layer LightWeight Filter-0000
2022-08-19T17:39:56.494+0200 [DEBUG] [org.gradle.internal.remote.internal.inet.InetAddresses] Is this a loopback interface? false
2022-08-19T17:39:56.494+0200 [DEBUG] [org.gradle.internal.remote.internal.inet.InetAddresses] Adding IP addresses for network interface WAN Miniport (IPv6)-QoS Packet Scheduler-0000
2022-08-19T17:39:56.495+0200 [DEBUG] [org.gradle.internal.remote.internal.inet.InetAddresses] Is this a loopback interface? false
2022-08-19T17:39:56.496+0200 [DEBUG] [org.gradle.internal.remote.internal.inet.InetAddresses] Adding IP addresses for network interface WAN Miniport (Network Monitor)-WFP Native MAC Layer LightWeight Filter-0000
2022-08-19T17:39:56.497+0200 [DEBUG] [org.gradle.internal.remote.internal.inet.InetAddresses] Is this a loopback interface? false
2022-08-19T17:39:56.497+0200 [DEBUG] [org.gradle.internal.remote.internal.inet.InetAddresses] Adding IP addresses for network interface WAN Miniport (Network Monitor)-QoS Packet Scheduler-0000
2022-08-19T17:39:56.498+0200 [DEBUG] [org.gradle.internal.remote.internal.inet.InetAddresses] Is this a loopback interface? false
2022-08-19T17:39:56.498+0200 [DEBUG] [org.gradle.internal.remote.internal.inet.InetAddresses] Adding IP addresses for network interface Microsoft Wi-Fi Direct Virtual Adapter #3-WFP Native MAC Layer LightWeight Filter-0000
2022-08-19T17:39:56.500+0200 [DEBUG] [org.gradle.internal.remote.internal.inet.InetAddresses] Is this a loopback interface? false
2022-08-19T17:39:56.500+0200 [DEBUG] [org.gradle.internal.remote.internal.inet.InetAddresses] Adding IP addresses for network interface Microsoft Wi-Fi Direct Virtual Adapter #3-Native WiFi Filter Driver-0000
2022-08-19T17:39:56.501+0200 [DEBUG] [org.gradle.internal.remote.internal.inet.InetAddresses] Is this a loopback interface? false
2022-08-19T17:39:56.501+0200 [DEBUG] [org.gradle.internal.remote.internal.inet.InetAddresses] Adding IP addresses for network interface Microsoft Wi-Fi Direct Virtual Adapter #4-VirtualBox NDIS Light-Weight Filter-0000
2022-08-19T17:39:56.502+0200 [DEBUG] [org.gradle.internal.remote.internal.inet.InetAddresses] Is this a loopback interface? false
2022-08-19T17:39:56.503+0200 [DEBUG] [org.gradle.internal.remote.internal.inet.InetAddresses] Adding IP addresses for network interface Microsoft Wi-Fi Direct Virtual Adapter #4-QoS Packet Scheduler-0000
2022-08-19T17:39:56.504+0200 [DEBUG] [org.gradle.internal.remote.internal.inet.InetAddresses] Is this a loopback interface? false
2022-08-19T17:39:56.504+0200 [DEBUG] [org.gradle.internal.remote.internal.inet.InetAddresses] Adding IP addresses for network interface Microsoft Wi-Fi Direct Virtual Adapter #4-WFP 802.3 MAC Layer LightWeight Filter-0000
2022-08-19T17:39:56.505+0200 [DEBUG] [org.gradle.internal.remote.internal.inet.InetAddresses] Is this a loopback interface? false
2022-08-19T17:39:56.505+0200 [DEBUG] [org.gradle.internal.remote.internal.inet.InetAddresses] Adding IP addresses for network interface Hyper-V Virtual Switch Extension Adapter
2022-08-19T17:39:56.507+0200 [DEBUG] [org.gradle.internal.remote.internal.inet.InetAddresses] Is this a loopback interface? false
2022-08-19T17:39:56.507+0200 [DEBUG] [org.gradle.internal.remote.internal.inet.InetAddresses] Adding IP addresses for network interface Hyper-V Virtual Switch Extension Adapter-Hyper-V Virtual Switch Extension Filter-0000
2022-08-19T17:39:56.508+0200 [DEBUG] [org.gradle.internal.remote.internal.inet.InetAddresses] Is this a loopback interface? false
2022-08-19T17:39:56.508+0200 [DEBUG] [org.gradle.internal.remote.internal.inet.InetAddresses] Adding IP addresses for network interface Hyper-V Virtual Ethernet Adapter
2022-08-19T17:39:56.509+0200 [DEBUG] [org.gradle.internal.remote.internal.inet.InetAddresses] Is this a loopback interface? false
2022-08-19T17:39:56.509+0200 [DEBUG] [org.gradle.internal.remote.internal.inet.InetAddresses] Adding remote address /172.21.240.1
2022-08-19T17:39:56.509+0200 [DEBUG] [org.gradle.internal.remote.internal.inet.InetAddresses] Adding remote address /fe80:0:0:0:3989:d8db:bde:d213%eth22
2022-08-19T17:39:56.510+0200 [DEBUG] [org.gradle.internal.remote.internal.inet.InetAddresses] Adding IP addresses for network interface Hyper-V Virtual Ethernet Adapter-WFP Native MAC Layer LightWeight Filter-0000
2022-08-19T17:39:56.511+0200 [DEBUG] [org.gradle.internal.remote.internal.inet.InetAddresses] Is this a loopback interface? false
2022-08-19T17:39:56.511+0200 [DEBUG] [org.gradle.internal.remote.internal.inet.InetAddresses] Adding IP addresses for network interface Hyper-V Virtual Ethernet Adapter-VirtualBox NDIS Light-Weight Filter-0000
2022-08-19T17:39:56.512+0200 [DEBUG] [org.gradle.internal.remote.internal.inet.InetAddresses] Is this a loopback interface? false
2022-08-19T17:39:56.512+0200 [DEBUG] [org.gradle.internal.remote.internal.inet.InetAddresses] Adding IP addresses for network interface Hyper-V Virtual Ethernet Adapter-QoS Packet Scheduler-0000
2022-08-19T17:39:56.514+0200 [DEBUG] [org.gradle.internal.remote.internal.inet.InetAddresses] Is this a loopback interface? false
2022-08-19T17:39:56.514+0200 [DEBUG] [org.gradle.internal.remote.internal.inet.InetAddresses] Adding IP addresses for network interface Hyper-V Virtual Ethernet Adapter-WFP 802.3 MAC Layer LightWeight Filter-0000
2022-08-19T17:39:56.516+0200 [DEBUG] [org.gradle.internal.remote.internal.inet.InetAddresses] Is this a loopback interface? false
2022-08-19T17:39:56.518+0200 [DEBUG] [org.gradle.internal.remote.internal.inet.TcpIncomingConnector] Listening on [ad0d38d3-bade-4868-992c-0c463143f44c port:50965, addresses:[localhost/127.0.0.1]].
2022-08-19T17:39:56.523+0200 [DEBUG] [org.gradle.launcher.daemon.server.Daemon] Daemon starting at: Fri Aug 19 17:39:56 EET 2022, with address: [ad0d38d3-bade-4868-992c-0c463143f44c port:50965, addresses:[localhost/127.0.0.1]]
2022-08-19T17:39:56.523+0200 [INFO] [org.gradle.launcher.daemon.server.DaemonRegistryUpdater] Advertising the daemon address to the clients: [ad0d38d3-bade-4868-992c-0c463143f44c port:50965, addresses:[localhost/127.0.0.1]]
2022-08-19T17:39:56.523+0200 [DEBUG] [org.gradle.launcher.daemon.server.DaemonRegistryUpdater] Advertised daemon context: DefaultDaemonContext[uid=63e73a0f-b564-4b4c-95d1-6abb6282299c,javaHome=D:\Programs\Android\Android Studio\jre,daemonRegistryDir=D:\Files\Trainings\SilverKey Technologies\Android Intern\NewsFeed\daemon,pid=12908,idleTimeout=10800000,priority=NORMAL,daemonOpts=--add-opens,java.base/java.util=ALL-UNNAMED,--add-opens,java.base/java.lang=ALL-UNNAMED,--add-opens,java.base/java.lang.invoke=ALL-UNNAMED,--add-opens,java.base/java.util=ALL-UNNAMED,--add-opens,java.prefs/java.util.prefs=ALL-UNNAMED,--add-opens,java.prefs/java.util.prefs=ALL-UNNAMED,--add-opens,java.base/java.nio.charset=ALL-UNNAMED,--add-opens,java.base/java.net=ALL-UNNAMED,--add-opens,java.base/java.util.concurrent.atomic=ALL-UNNAMED,-Xmx2048m,-Dfile.encoding=UTF-8,-Duser.country=US,-Duser.language=en,-Duser.variant]
2022-08-19T17:39:56.524+0200 [DEBUG] [org.gradle.launcher.daemon.registry.PersistentDaemonRegistry] Storing daemon address: [ad0d38d3-bade-4868-992c-0c463143f44c port:50965, addresses:[localhost/127.0.0.1]], context: DefaultDaemonContext[uid=63e73a0f-b564-4b4c-95d1-6abb6282299c,javaHome=D:\Programs\Android\Android Studio\jre,daemonRegistryDir=D:\Files\Trainings\SilverKey Technologies\Android Intern\NewsFeed\daemon,pid=12908,idleTimeout=10800000,priority=NORMAL,daemonOpts=--add-opens,java.base/java.util=ALL-UNNAMED,--add-opens,java.base/java.lang=ALL-UNNAMED,--add-opens,java.base/java.lang.invoke=ALL-UNNAMED,--add-opens,java.base/java.util=ALL-UNNAMED,--add-opens,java.prefs/java.util.prefs=ALL-UNNAMED,--add-opens,java.prefs/java.util.prefs=ALL-UNNAMED,--add-opens,java.base/java.nio.charset=ALL-UNNAMED,--add-opens,java.base/java.net=ALL-UNNAMED,--add-opens,java.base/java.util.concurrent.atomic=ALL-UNNAMED,-Xmx2048m,-Dfile.encoding=UTF-8,-Duser.country=US,-Duser.language=en,-Duser.variant]
2022-08-19T17:39:56.529+0200 [DEBUG] [org.gradle.cache.internal.DefaultFileLockManager] Waiting to acquire exclusive lock on daemon addresses registry.
2022-08-19T17:39:56.531+0200 [DEBUG] [org.gradle.cache.internal.DefaultFileLockManager] Lock acquired on daemon addresses registry.
2022-08-19T17:39:56.535+0200 [DEBUG] [org.gradle.cache.internal.DefaultFileLockManager] Releasing lock on daemon addresses registry.
2022-08-19T17:39:56.535+0200 [LIFECYCLE] [org.gradle.launcher.daemon.server.Daemon] Daemon server started.
2022-08-19T17:39:56.536+0200 [DEBUG] [org.gradle.launcher.daemon.bootstrap.DaemonStartupCommunication] Completed writing the daemon greeting. Closing streams...
2022-08-19T17:39:56.538+0200 [DEBUG] [org.gradle.launcher.daemon.server.Daemon] stopOnExpiration() called on daemon
2022-08-19T17:39:56.539+0200 [DEBUG] [org.gradle.launcher.daemon.server.Daemon] awaitExpiration() called on daemon
2022-08-19T17:39:56.539+0200 [DEBUG] [org.gradle.launcher.daemon.server.DaemonStateCoordinator] daemon is running. Sleeping until state changes.
2022-08-19T17:39:56.549+0200 [DEBUG] [org.gradle.internal.remote.internal.inet.TcpIncomingConnector] Accepted connection from /127.0.0.1:50966 to /127.0.0.1:50965.
2022-08-19T17:39:56.577+0200 [DEBUG] [org.gradle.launcher.daemon.server.SynchronizedDispatchConnection] thread 28: received class org.gradle.launcher.daemon.protocol.Build
2022-08-19T17:39:56.577+0200 [DEBUG] [org.gradle.launcher.daemon.server.DefaultDaemonConnection] thread 28: Received non-IO message from client: Build{id=52b41437-ce2e-4103-8f10-cc8cd9b590ab, currentDir=D:\Files\Trainings\SilverKey Technologies\Android Intern\NewsFeed}
2022-08-19T17:39:56.577+0200 [INFO] [org.gradle.launcher.daemon.server.DefaultIncomingConnectionHandler] Received command: Build{id=52b41437-ce2e-4103-8f10-cc8cd9b590ab, currentDir=D:\Files\Trainings\SilverKey Technologies\Android Intern\NewsFeed}.
2022-08-19T17:39:56.578+0200 [DEBUG] [org.gradle.launcher.daemon.server.DefaultIncomingConnectionHandler] Starting executing command: Build{id=52b41437-ce2e-4103-8f10-cc8cd9b590ab, currentDir=D:\Files\Trainings\SilverKey Technologies\Android Intern\NewsFeed} with connection: socket connection from /127.0.0.1:50965 to /127.0.0.1:50966.
2022-08-19T17:39:56.579+0200 [DEBUG] [org.gradle.launcher.daemon.server.DaemonStateCoordinator] Command execution: started DaemonCommandExecution[command = Build{id=52b41437-ce2e-4103-8f10-cc8cd9b590ab, currentDir=D:\Files\Trainings\SilverKey Technologies\Android Intern\NewsFeed}, connection = DefaultDaemonConnection: socket connection from /127.0.0.1:50965 to /127.0.0.1:50966] after 0.0 minutes of idle
2022-08-19T17:39:56.580+0200 [INFO] [org.gradle.launcher.daemon.server.DaemonRegistryUpdater] Marking the daemon as busy, address: [ad0d38d3-bade-4868-992c-0c463143f44c port:50965, addresses:[localhost/127.0.0.1]]
2022-08-19T17:39:56.580+0200 [DEBUG] [org.gradle.launcher.daemon.registry.PersistentDaemonRegistry] Marking busy by address: [ad0d38d3-bade-4868-992c-0c463143f44c port:50965, addresses:[localhost/127.0.0.1]]
2022-08-19T17:39:56.580+0200 [DEBUG] [org.gradle.cache.internal.DefaultFileLockManager] Waiting to acquire exclusive lock on daemon addresses registry.
2022-08-19T17:39:56.580+0200 [DEBUG] [org.gradle.cache.internal.DefaultFileLockManager] Lock acquired on daemon addresses registry.
2022-08-19T17:39:56.581+0200 [DEBUG] [org.gradle.cache.internal.DefaultFileLockManager] Releasing lock on daemon addresses registry.
2022-08-19T17:39:56.581+0200 [DEBUG] [org.gradle.launcher.daemon.server.DaemonStateCoordinator] resetting idle timer
2022-08-19T17:39:56.581+0200 [DEBUG] [org.gradle.launcher.daemon.server.DaemonStateCoordinator] daemon is running. Sleeping until state changes.
2022-08-19T17:39:56.582+0200 [INFO] [org.gradle.launcher.daemon.server.exec.StartBuildOrRespondWithBusy] Daemon is about to start building Build{id=52b41437-ce2e-4103-8f10-cc8cd9b590ab, currentDir=D:\Files\Trainings\SilverKey Technologies\Android Intern\NewsFeed}. Dispatching build started information...
2022-08-19T17:39:56.582+0200 [DEBUG] [org.gradle.launcher.daemon.server.SynchronizedDispatchConnection] thread 30: dispatching org.gradle.launcher.daemon.protocol.BuildStarted@148a341a
2022-08-19T17:39:56.583+0200 [DEBUG] [org.gradle.launcher.daemon.server.exec.EstablishBuildEnvironment] Configuring env variables: [USERDOMAIN_ROAMINGPROFILE, PROCESSOR_LEVEL, AWS_SECRET_ACCESS_KEY, SESSIONNAME, ALLUSERSPROFILE, PROCESSOR_ARCHITECTURE, PSModulePath, MVN_HOME, SystemDrive, JRE_HOME, USERNAME, ProgramFiles(x86), FPS_BROWSER_USER_PROFILE_STRING, PATHEXT, DriverData, IntelliJ IDEA Community Edition, PyCharm Community Edition, ProgramData, ProgramW6432, HOMEPATH, SOPC_KIT_NIOS2, PROCESSOR_IDENTIFIER, ProgramFiles, PUBLIC, windir, =::, MSMPI_BENCHMARKS, ZES_ENABLE_SYSMAN, LOCALAPPDATA, MSMPI_BIN, USERDOMAIN, LOGONSERVER, FPS_BROWSER_APP_PROFILE_STRING, MPJ_HOME, AWS_DEFAULT_REGION, GRADLE_HOME, OneDrive, APPDATA, AWS_ACCESS_KEY_ID, VBOX_MSI_INSTALL_PATH, CommonProgramFiles, Path, OS, COMPUTERNAME, CATALINA_HOME, PROCESSOR_REVISION, CommonProgramW6432, ComSpec, TEMP, SystemRoot, HOMEDRIVE, USERPROFILE, TMP, QSYS_ROOTDIR, CommonProgramFiles(x86), NUMBER_OF_PROCESSORS, prompt, IDEA_INITIAL_DIRECTORY, QUARTUS_ROOTDIR]
2022-08-19T17:39:56.585+0200 [DEBUG] [org.gradle.launcher.daemon.server.SynchronizedDispatchConnection] thread 28: received class org.gradle.launcher.daemon.protocol.CloseInput
2022-08-19T17:39:56.585+0200 [DEBUG] [org.gradle.launcher.daemon.server.DefaultDaemonConnection] thread 28: Received IO message from client: org.gradle.launcher.daemon.protocol.CloseInput@5576abd
2022-08-19T17:39:56.586+0200 [DEBUG] [org.gradle.launcher.daemon.server.exec.LogToClient] About to start relaying all logs to the client via the connection.
2022-08-19T17:39:56.586+0200 [INFO] [org.gradle.launcher.daemon.server.exec.LogToClient] The client will now receive all logging from the daemon (pid: 12908). The daemon log file: D:\Files\Trainings\SilverKey Technologies\Android Intern\NewsFeed\daemon\7.5.1\daemon-12908.out.log
2022-08-19T17:39:56.588+0200 [INFO] [org.gradle.launcher.daemon.server.exec.LogAndCheckHealth] Starting build in new daemon [memory: 2 GiB]
2022-08-19T17:39:56.589+0200 [INFO] [org.gradle.launcher.daemon.server.exec.ForwardClientInput] Closing daemon's stdin at end of input.
2022-08-19T17:39:56.589+0200 [INFO] [org.gradle.launcher.daemon.server.exec.ForwardClientInput] The daemon will no longer process any standard input.
2022-08-19T17:39:56.592+0200 [DEBUG] [org.gradle.launcher.daemon.server.exec.ExecuteBuild] The daemon has started executing the build.
2022-08-19T17:39:56.592+0200 [DEBUG] [org.gradle.launcher.daemon.server.exec.ExecuteBuild] Executing build with daemon context: DefaultDaemonContext[uid=63e73a0f-b564-4b4c-95d1-6abb6282299c,javaHome=D:\Programs\Android\Android Studio\jre,daemonRegistryDir=D:\Files\Trainings\SilverKey Technologies\Android Intern\NewsFeed\daemon,pid=12908,idleTimeout=10800000,priority=NORMAL,daemonOpts=--add-opens,java.base/java.util=ALL-UNNAMED,--add-opens,java.base/java.lang=ALL-UNNAMED,--add-opens,java.base/java.lang.invoke=ALL-UNNAMED,--add-opens,java.base/java.util=ALL-UNNAMED,--add-opens,java.prefs/java.util.prefs=ALL-UNNAMED,--add-opens,java.prefs/java.util.prefs=ALL-UNNAMED,--add-opens,java.base/java.nio.charset=ALL-UNNAMED,--add-opens,java.base/java.net=ALL-UNNAMED,--add-opens,java.base/java.util.concurrent.atomic=ALL-UNNAMED,-Xmx2048m,-Dfile.encoding=UTF-8,-Duser.country=US,-Duser.language=en,-Duser.variant]
AGPBI: {"kind":"warning","text":"Your project has set `android.useAndroidX=true`, but configuration `debugRuntimeClasspath` still contains legacy support libraries, which may cause runtime issues.\nThis behavior will not be allowed in Android Gradle plugin 8.0.\nPlease use only AndroidX dependencies or set `android.enableJetifier=true` in the `gradle.properties` file to migrate your project to AndroidX (see https://developer.android.com/jetpack/androidx/migrate for more info).\nThe following legacy support libraries are detected:\ndebugRuntimeClasspath -> com.squareup.picasso:picasso:2.71828 -> com.android.support:support-annotations:27.1.0\ndebugRuntimeClasspath -> com.squareup.picasso:picasso:2.71828 -> com.android.support:exifinterface:27.1.0","sources":[{}]}

Deprecated Gradle features were used in this build, making it incompatible with Gradle 8.0.

You can use '--warning-mode all' to show the individual deprecation warnings and determine if they come from your own scripts or plugins.

See https://docs.gradle.org/7.5.1/userguide/command_line_interface.html#sec:command_line_warnings

BUILD SUCCESSFUL in 24s
37 actionable tasks: 6 executed, 31 up-to-date
2022-08-19T17:40:19.766+0200 [DEBUG] [org.gradle.launcher.daemon.server.exec.ExecuteBuild] The daemon has finished executing the build.
2022-08-19T17:40:19.783+0200 [DEBUG] [org.gradle.launcher.daemon.server.DaemonStateCoordinator] daemon is running. Sleeping until state changes.
2022-08-19T17:40:19.784+0200 [DEBUG] [org.gradle.launcher.daemon.server.DaemonStateCoordinator] Command execution: finished waiting for DaemonCommandExecution[command = Build{id=52b41437-ce2e-4103-8f10-cc8cd9b590ab, currentDir=D:\Files\Trainings\SilverKey Technologies\Android Intern\NewsFeed}, connection = DefaultDaemonConnection: socket connection from /127.0.0.1:50965 to /127.0.0.1:50966]. Result org.gradle.launcher.daemon.server.DaemonStateCoordinator@16d667ea with state Busy
2022-08-19T17:40:19.784+0200 [DEBUG] [org.gradle.launcher.daemon.server.DaemonStateCoordinator] Command execution: completed DaemonCommandExecution[command = Build{id=52b41437-ce2e-4103-8f10-cc8cd9b590ab, currentDir=D:\Files\Trainings\SilverKey Technologies\Android Intern\NewsFeed}, connection = DefaultDaemonConnection: socket connection from /127.0.0.1:50965 to /127.0.0.1:50966]
2022-08-19T17:40:19.784+0200 [DEBUG] [org.gradle.launcher.daemon.server.DaemonStateCoordinator] resetting idle timer
2022-08-19T17:40:19.784+0200 [INFO] [org.gradle.launcher.daemon.server.DaemonRegistryUpdater] Marking the daemon as idle, address: [ad0d38d3-bade-4868-992c-0c463143f44c port:50965, addresses:[localhost/127.0.0.1]]
2022-08-19T17:40:19.784+0200 [DEBUG] [org.gradle.launcher.daemon.registry.PersistentDaemonRegistry] Marking busy by address: [ad0d38d3-bade-4868-992c-0c463143f44c port:50965, addresses:[localhost/127.0.0.1]]
2022-08-19T17:40:19.785+0200 [DEBUG] [org.gradle.cache.internal.DefaultFileLockManager] Waiting to acquire exclusive lock on daemon addresses registry.
2022-08-19T17:40:19.785+0200 [DEBUG] [org.gradle.cache.internal.DefaultFileLockManager] Lock acquired on daemon addresses registry.
2022-08-19T17:40:19.786+0200 [DEBUG] [org.gradle.cache.internal.DefaultFileLockManager] Releasing lock on daemon addresses registry.
2022-08-19T17:40:19.786+0200 [DEBUG] [org.gradle.launcher.daemon.server.DaemonStateCoordinator] daemon is running. Sleeping until state changes.
2022-08-19T17:40:19.786+0200 [DEBUG] [org.gradle.launcher.daemon.server.exec.ReturnResult] Daemon is dispatching the build result: Success[value=org.gradle.launcher.exec.BuildActionResult@7e95d3fa]
2022-08-19T17:40:19.786+0200 [DEBUG] [org.gradle.launcher.daemon.server.SynchronizedDispatchConnection] thread 27: dispatching Success[value=org.gradle.launcher.exec.BuildActionResult@7e95d3fa]
2022-08-19T17:40:19.786+0200 [DEBUG] [org.gradle.launcher.daemon.server.DefaultIncomingConnectionHandler] Finishing executing command: Build{id=52b41437-ce2e-4103-8f10-cc8cd9b590ab, currentDir=D:\Files\Trainings\SilverKey Technologies\Android Intern\NewsFeed}
2022-08-19T17:40:19.788+0200 [DEBUG] [org.gradle.launcher.daemon.server.SynchronizedDispatchConnection] thread 28: received class org.gradle.launcher.daemon.protocol.Finished
2022-08-19T17:40:19.788+0200 [DEBUG] [org.gradle.launcher.daemon.server.DefaultDaemonConnection] thread 28: Received non-IO message from client: org.gradle.launcher.daemon.protocol.Finished@2ed81611
2022-08-19T17:40:19.788+0200 [DEBUG] [org.gradle.launcher.daemon.server.DefaultIncomingConnectionHandler] Received finished message: org.gradle.launcher.daemon.protocol.Finished@2ed81611
2022-08-19T17:40:19.788+0200 [DEBUG] [org.gradle.launcher.daemon.server.SynchronizedDispatchConnection] thread 27: stopping connection
2022-08-19T17:40:19.788+0200 [DEBUG] [org.gradle.internal.remote.internal.inet.SocketConnection] Discarding EOFException: java.io.EOFException
2022-08-19T17:40:19.788+0200 [DEBUG] [org.gradle.launcher.daemon.server.SynchronizedDispatchConnection] thread 28: received null
2022-08-19T17:40:19.788+0200 [DEBUG] [org.gradle.launcher.daemon.server.DefaultDaemonConnection] thread 28: Received end-of-input from client.
2022-08-19T17:40:19.789+0200 [DEBUG] [org.gradle.launcher.daemon.server.SynchronizedDispatchConnection] thread 27: stopping connection
2022-08-19T17:40:26.553+0200 [DEBUG] [org.gradle.cache.internal.DefaultFileLockManager] Waiting to acquire shared lock on daemon addresses registry.
2022-08-19T17:40:26.553+0200 [DEBUG] [org.gradle.cache.internal.DefaultFileLockManager] Lock acquired on daemon addresses registry.
2022-08-19T17:40:26.556+0200 [DEBUG] [org.gradle.cache.internal.DefaultFileLockManager] Releasing lock on daemon addresses registry.
2022-08-19T17:40:26.557+0200 [DEBUG] [org.gradle.cache.internal.DefaultFileLockManager] Waiting to acquire shared lock on daemon addresses registry.
2022-08-19T17:40:26.557+0200 [DEBUG] [org.gradle.cache.internal.DefaultFileLockManager] Lock acquired on daemon addresses registry.
2022-08-19T17:40:26.557+0200 [DEBUG] [org.gradle.cache.internal.DefaultFileLockManager] Releasing lock on daemon addresses registry.
2022-08-19T17:40:36.561+0200 [DEBUG] [org.gradle.cache.internal.DefaultFileLockManager] Waiting to acquire shared lock on daemon addresses registry.
2022-08-19T17:40:36.561+0200 [DEBUG] [org.gradle.cache.internal.DefaultFileLockManager] Lock acquired on daemon addresses registry.
2022-08-19T17:40:36.561+0200 [DEBUG] [org.gradle.cache.internal.DefaultFileLockManager] Releasing lock on daemon addresses registry.
2022-08-19T17:40:36.562+0200 [DEBUG] [org.gradle.cache.internal.DefaultFileLockManager] Waiting to acquire shared lock on daemon addresses registry.
2022-08-19T17:40:36.562+0200 [DEBUG] [org.gradle.cache.internal.DefaultFileLockManager] Lock acquired on daemon addresses registry.
2022-08-19T17:40:36.562+0200 [DEBUG] [org.gradle.cache.internal.DefaultFileLockManager] Releasing lock on daemon addresses registry.
2022-08-19T17:40:36.562+0200 [DEBUG] [org.gradle.cache.internal.DefaultFileLockManager] Waiting to acquire shared lock on daemon addresses registry.
2022-08-19T17:40:36.562+0200 [DEBUG] [org.gradle.cache.internal.DefaultFileLockManager] Lock acquired on daemon addresses registry.
2022-08-19T17:40:36.562+0200 [DEBUG] [org.gradle.cache.internal.DefaultFileLockManager] Releasing lock on daemon addresses registry.
2022-08-19T17:40:38.559+0200 [DEBUG] [sun.rmi.transport.tcp] RMI Scheduler(0): close connection
2022-08-19T17:40:38.571+0200 [DEBUG] [sun.rmi.transport.tcp] RMI Scheduler(0): close connection
2022-08-19T17:40:38.635+0200 [DEBUG] [sun.rmi.transport.tcp] RMI TCP Connection(1)-127.0.0.1: (port 51066) connection closed
2022-08-19T17:40:38.635+0200 [DEBUG] [sun.rmi.transport.tcp] RMI TCP Connection(1)-127.0.0.1: close connection
2022-08-19T17:40:46.114+0200 [DEBUG] [sun.rmi.transport.tcp] RMI Scheduler(0): close connection
2022-08-19T17:40:46.130+0200 [DEBUG] [sun.rmi.transport.tcp] RMI TCP Connection(2)-127.0.0.1: (port 51066) connection closed
2022-08-19T17:40:46.130+0200 [DEBUG] [sun.rmi.transport.tcp] RMI TCP Connection(2)-127.0.0.1: close connection
2022-08-19T17:40:46.554+0200 [DEBUG] [org.gradle.cache.internal.DefaultFileLockManager] Waiting to acquire shared lock on daemon addresses registry.
2022-08-19T17:40:46.554+0200 [DEBUG] [org.gradle.cache.internal.DefaultFileLockManager] Lock acquired on daemon addresses registry.
2022-08-19T17:40:46.554+0200 [DEBUG] [org.gradle.cache.internal.DefaultFileLockManager] Releasing lock on daemon addresses registry.
2022-08-19T17:40:46.554+0200 [DEBUG] [org.gradle.cache.internal.DefaultFileLockManager] Waiting to acquire shared lock on daemon addresses registry.
2022-08-19T17:40:46.554+0200 [DEBUG] [org.gradle.cache.internal.DefaultFileLockManager] Lock acquired on daemon addresses registry.
2022-08-19T17:40:46.554+0200 [DEBUG] [org.gradle.cache.internal.DefaultFileLockManager] Releasing lock on daemon addresses registry.
2022-08-19T17:40:46.555+0200 [DEBUG] [org.gradle.cache.internal.DefaultFileLockManager] Waiting to acquire shared lock on daemon addresses registry.
2022-08-19T17:40:46.555+0200 [DEBUG] [org.gradle.cache.internal.DefaultFileLockManager] Lock acquired on daemon addresses registry.
2022-08-19T17:40:46.555+0200 [DEBUG] [org.gradle.cache.internal.DefaultFileLockManager] Releasing lock on daemon addresses registry.
2022-08-19T17:40:56.548+0200 [DEBUG] [org.gradle.cache.internal.DefaultFileLockManager] Waiting to acquire shared lock on daemon addresses registry.
2022-08-19T17:40:56.548+0200 [DEBUG] [org.gradle.cache.internal.DefaultFileLockManager] Lock acquired on daemon addresses registry.
2022-08-19T17:40:56.548+0200 [DEBUG] [org.gradle.cache.internal.DefaultFileLockManager] Releasing lock on daemon addresses registry.
2022-08-19T17:40:56.548+0200 [DEBUG] [org.gradle.cache.internal.DefaultFileLockManager] Waiting to acquire shared lock on daemon addresses registry.
2022-08-19T17:40:56.548+0200 [DEBUG] [org.gradle.cache.internal.DefaultFileLockManager] Lock acquired on daemon addresses registry.
2022-08-19T17:40:56.548+0200 [DEBUG] [org.gradle.cache.internal.DefaultFileLockManager] Releasing lock on daemon addresses registry.
2022-08-19T17:40:56.548+0200 [DEBUG] [org.gradle.cache.internal.DefaultFileLockManager] Waiting to acquire shared lock on daemon addresses registry.
2022-08-19T17:40:56.548+0200 [DEBUG] [org.gradle.cache.internal.DefaultFileLockManager] Lock acquired on daemon addresses registry.
2022-08-19T17:40:56.549+0200 [DEBUG] [org.gradle.cache.internal.DefaultFileLockManager] Releasing lock on daemon addresses registry.
2022-08-19T17:41:06.560+0200 [DEBUG] [org.gradle.cache.internal.DefaultFileLockManager] Waiting to acquire shared lock on daemon addresses registry.
2022-08-19T17:41:06.560+0200 [DEBUG] [org.gradle.cache.internal.DefaultFileLockManager] Lock acquired on daemon addresses registry.
2022-08-19T17:41:06.560+0200 [DEBUG] [org.gradle.cache.internal.DefaultFileLockManager] Releasing lock on daemon addresses registry.
2022-08-19T17:41:06.561+0200 [DEBUG] [org.gradle.cache.internal.DefaultFileLockManager] Waiting to acquire shared lock on daemon addresses registry.
2022-08-19T17:41:06.561+0200 [DEBUG] [org.gradle.cache.internal.DefaultFileLockManager] Lock acquired on daemon addresses registry.
2022-08-19T17:41:06.561+0200 [DEBUG] [org.gradle.cache.internal.DefaultFileLockManager] Releasing lock on daemon addresses registry.
2022-08-19T17:41:06.561+0200 [DEBUG] [org.gradle.cache.internal.DefaultFileLockManager] Waiting to acquire shared lock on daemon addresses registry.
2022-08-19T17:41:06.561+0200 [DEBUG] [org.gradle.cache.internal.DefaultFileLockManager] Lock acquired on daemon addresses registry.
2022-08-19T17:41:06.561+0200 [DEBUG] [org.gradle.cache.internal.DefaultFileLockManager] Releasing lock on daemon addresses registry.
2022-08-19T17:41:16.553+0200 [DEBUG] [org.gradle.cache.internal.DefaultFileLockManager] Waiting to acquire shared lock on daemon addresses registry.
2022-08-19T17:41:16.553+0200 [DEBUG] [org.gradle.cache.internal.DefaultFileLockManager] Lock acquired on daemon addresses registry.
2022-08-19T17:41:16.553+0200 [DEBUG] [org.gradle.cache.internal.DefaultFileLockManager] Releasing lock on daemon addresses registry.
2022-08-19T17:41:16.553+0200 [DEBUG] [org.gradle.cache.internal.DefaultFileLockManager] Waiting to acquire shared lock on daemon addresses registry.
2022-08-19T17:41:16.553+0200 [DEBUG] [org.gradle.cache.internal.DefaultFileLockManager] Lock acquired on daemon addresses registry.
2022-08-19T17:41:16.553+0200 [DEBUG] [org.gradle.cache.internal.DefaultFileLockManager] Releasing lock on daemon addresses registry.
2022-08-19T17:41:16.553+0200 [DEBUG] [org.gradle.cache.internal.DefaultFileLockManager] Waiting to acquire shared lock on daemon addresses registry.
2022-08-19T17:41:16.554+0200 [DEBUG] [org.gradle.cache.internal.DefaultFileLockManager] Lock acquired on daemon addresses registry.
2022-08-19T17:41:16.554+0200 [DEBUG] [org.gradle.cache.internal.DefaultFileLockManager] Releasing lock on daemon addresses registry.
2022-08-19T17:41:26.552+0200 [DEBUG] [org.gradle.cache.internal.DefaultFileLockManager] Waiting to acquire shared lock on daemon addresses registry.
2022-08-19T17:41:26.552+0200 [DEBUG] [org.gradle.cache.internal.DefaultFileLockManager] Lock acquired on daemon addresses registry.
2022-08-19T17:41:26.552+0200 [DEBUG] [org.gradle.cache.internal.DefaultFileLockManager] Releasing lock on daemon addresses registry.
2022-08-19T17:41:26.553+0200 [DEBUG] [org.gradle.cache.internal.DefaultFileLockManager] Waiting to acquire shared lock on daemon addresses registry.
2022-08-19T17:41:26.553+0200 [DEBUG] [org.gradle.cache.internal.DefaultFileLockManager] Lock acquired on daemon addresses registry.
2022-08-19T17:41:26.553+0200 [DEBUG] [org.gradle.cache.internal.DefaultFileLockManager] Releasing lock on daemon addresses registry.
2022-08-19T17:41:26.553+0200 [DEBUG] [org.gradle.cache.internal.DefaultFileLockManager] Waiting to acquire shared lock on daemon addresses registry.
2022-08-19T17:41:26.553+0200 [DEBUG] [org.gradle.cache.internal.DefaultFileLockManager] Lock acquired on daemon addresses registry.
2022-08-19T17:41:26.553+0200 [DEBUG] [org.gradle.cache.internal.DefaultFileLockManager] Releasing lock on daemon addresses registry.
2022-08-19T17:41:36.556+0200 [DEBUG] [org.gradle.cache.internal.DefaultFileLockManager] Waiting to acquire shared lock on daemon addresses registry.
2022-08-19T17:41:36.556+0200 [DEBUG] [org.gradle.cache.internal.DefaultFileLockManager] Lock acquired on daemon addresses registry.
2022-08-19T17:41:36.556+0200 [DEBUG] [org.gradle.cache.internal.DefaultFileLockManager] Releasing lock on daemon addresses registry.
2022-08-19T17:41:36.557+0200 [DEBUG] [org.gradle.cache.internal.DefaultFileLockManager] Waiting to acquire shared lock on daemon addresses registry.
2022-08-19T17:41:36.557+0200 [DEBUG] [org.gradle.cache.internal.DefaultFileLockManager] Lock acquired on daemon addresses registry.
2022-08-19T17:41:36.557+0200 [DEBUG] [org.gradle.cache.internal.DefaultFileLockManager] Releasing lock on daemon addresses registry.
2022-08-19T17:41:36.557+0200 [DEBUG] [org.gradle.cache.internal.DefaultFileLockManager] Waiting to acquire shared lock on daemon addresses registry.
2022-08-19T17:41:36.557+0200 [DEBUG] [org.gradle.cache.internal.DefaultFileLockManager] Lock acquired on daemon addresses registry.
2022-08-19T17:41:36.557+0200 [DEBUG] [org.gradle.cache.internal.DefaultFileLockManager] Releasing lock on daemon addresses registry.
2022-08-19T17:41:46.549+0200 [DEBUG] [org.gradle.cache.internal.DefaultFileLockManager] Waiting to acquire shared lock on daemon addresses registry.
2022-08-19T17:41:46.549+0200 [DEBUG] [org.gradle.cache.internal.DefaultFileLockManager] Lock acquired on daemon addresses registry.
2022-08-19T17:41:46.549+0200 [DEBUG] [org.gradle.cache.internal.DefaultFileLockManager] Releasing lock on daemon addresses registry.
2022-08-19T17:41:46.550+0200 [DEBUG] [org.gradle.cache.internal.DefaultFileLockManager] Waiting to acquire shared lock on daemon addresses registry.
2022-08-19T17:41:46.550+0200 [DEBUG] [org.gradle.cache.internal.DefaultFileLockManager] Lock acquired on daemon addresses registry.
2022-08-19T17:41:46.550+0200 [DEBUG] [org.gradle.cache.internal.DefaultFileLockManager] Releasing lock on daemon addresses registry.
2022-08-19T17:41:46.550+0200 [DEBUG] [org.gradle.cache.internal.DefaultFileLockManager] Waiting to acquire shared lock on daemon addresses registry.
2022-08-19T17:41:46.550+0200 [DEBUG] [org.gradle.cache.internal.DefaultFileLockManager] Lock acquired on daemon addresses registry.
2022-08-19T17:41:46.550+0200 [DEBUG] [org.gradle.cache.internal.DefaultFileLockManager] Releasing lock on daemon addresses registry.
2022-08-19T17:41:56.559+0200 [DEBUG] [org.gradle.cache.internal.DefaultFileLockManager] Waiting to acquire shared lock on daemon addresses registry.
2022-08-19T17:41:56.559+0200 [DEBUG] [org.gradle.cache.internal.DefaultFileLockManager] Lock acquired on daemon addresses registry.
2022-08-19T17:41:56.559+0200 [DEBUG] [org.gradle.cache.internal.DefaultFileLockManager] Releasing lock on daemon addresses registry.
2022-08-19T17:41:56.559+0200 [DEBUG] [org.gradle.cache.internal.DefaultFileLockManager] Waiting to acquire shared lock on daemon addresses registry.
2022-08-19T17:41:56.559+0200 [DEBUG] [org.gradle.cache.internal.DefaultFileLockManager] Lock acquired on daemon addresses registry.
2022-08-19T17:41:56.559+0200 [DEBUG] [org.gradle.cache.internal.DefaultFileLockManager] Releasing lock on daemon addresses registry.
2022-08-19T17:41:56.559+0200 [DEBUG] [org.gradle.cache.internal.DefaultFileLockManager] Waiting to acquire shared lock on daemon addresses registry.
2022-08-19T17:41:56.560+0200 [DEBUG] [org.gradle.cache.internal.DefaultFileLockManager] Lock acquired on daemon addresses registry.
2022-08-19T17:41:56.560+0200 [DEBUG] [org.gradle.cache.internal.DefaultFileLockManager] Releasing lock on daemon addresses registry.
2022-08-19T17:42:06.560+0200 [DEBUG] [org.gradle.cache.internal.DefaultFileLockManager] Waiting to acquire shared lock on daemon addresses registry.
2022-08-19T17:42:06.561+0200 [DEBUG] [org.gradle.cache.internal.DefaultFileLockManager] Lock acquired on daemon addresses registry.
2022-08-19T17:42:06.561+0200 [DEBUG] [org.gradle.cache.internal.DefaultFileLockManager] Releasing lock on daemon addresses registry.
2022-08-19T17:42:06.562+0200 [DEBUG] [org.gradle.cache.internal.DefaultFileLockManager] Waiting to acquire shared lock on daemon addresses registry.
2022-08-19T17:42:06.562+0200 [DEBUG] [org.gradle.cache.internal.DefaultFileLockManager] Lock acquired on daemon addresses registry.
2022-08-19T17:42:06.563+0200 [DEBUG] [org.gradle.cache.internal.DefaultFileLockManager] Releasing lock on daemon addresses registry.
2022-08-19T17:42:06.563+0200 [DEBUG] [org.gradle.cache.internal.DefaultFileLockManager] Waiting to acquire shared lock on daemon addresses registry.
2022-08-19T17:42:06.563+0200 [DEBUG] [org.gradle.cache.internal.DefaultFileLockManager] Lock acquired on daemon addresses registry.
2022-08-19T17:42:06.563+0200 [DEBUG] [org.gradle.cache.internal.DefaultFileLockManager] Releasing lock on daemon addresses registry.
2022-08-19T17:42:11.825+0200 [DEBUG] [org.gradle.internal.remote.internal.inet.TcpIncomingConnector] Accepted connection from /127.0.0.1:51132 to /127.0.0.1:50965.
2022-08-19T17:42:11.828+0200 [DEBUG] [org.gradle.launcher.daemon.server.SynchronizedDispatchConnection] thread 300: received class org.gradle.launcher.daemon.protocol.StopWhenIdle
2022-08-19T17:42:11.829+0200 [DEBUG] [org.gradle.launcher.daemon.server.DefaultDaemonConnection] thread 300: Received non-IO message from client: StopWhenIdle[id=23a80675-7a99-45f7-87fb-756c7ef3690f]
2022-08-19T17:42:11.829+0200 [INFO] [org.gradle.launcher.daemon.server.DefaultIncomingConnectionHandler] Received command: StopWhenIdle[id=23a80675-7a99-45f7-87fb-756c7ef3690f].
2022-08-19T17:42:11.829+0200 [DEBUG] [org.gradle.launcher.daemon.server.DefaultIncomingConnectionHandler] Starting executing command: StopWhenIdle[id=23a80675-7a99-45f7-87fb-756c7ef3690f] with connection: socket connection from /127.0.0.1:50965 to /127.0.0.1:51132.
2022-08-19T17:42:11.829+0200 [DEBUG] [org.gradle.launcher.daemon.server.DaemonRegistryUpdater] Storing daemon stop event: stop command received
2022-08-19T17:42:11.830+0200 [DEBUG] [org.gradle.launcher.daemon.registry.PersistentDaemonRegistry] Storing daemon stop event with timestamp 1660923731829
2022-08-19T17:42:11.830+0200 [DEBUG] [org.gradle.cache.internal.DefaultFileLockManager] Waiting to acquire exclusive lock on daemon addresses registry.
2022-08-19T17:42:11.830+0200 [DEBUG] [org.gradle.cache.internal.DefaultFileLockManager] Lock acquired on daemon addresses registry.
2022-08-19T17:42:11.831+0200 [DEBUG] [org.gradle.cache.internal.DefaultFileLockManager] Releasing lock on daemon addresses registry.
2022-08-19T17:42:11.831+0200 [LIFECYCLE] [org.gradle.launcher.daemon.server.DaemonStateCoordinator] Daemon will be stopped at the end of the build stop command received
2022-08-19T17:42:11.831+0200 [DEBUG] [org.gradle.launcher.daemon.server.DaemonStateCoordinator] Marking daemon stopped due to stop command received. The daemon is running a build: false
2022-08-19T17:42:11.831+0200 [DEBUG] [org.gradle.launcher.daemon.server.DaemonStateCoordinator] daemon has stopped.
2022-08-19T17:42:11.831+0200 [DEBUG] [org.gradle.launcher.daemon.server.SynchronizedDispatchConnection] thread 299: dispatching Success[value=null]
2022-08-19T17:42:11.831+0200 [DEBUG] [org.gradle.launcher.daemon.server.Daemon] stop() called on daemon
2022-08-19T17:42:11.831+0200 [INFO] [org.gradle.launcher.daemon.server.Daemon] Stop requested. Daemon is removing its presence from the registry...
2022-08-19T17:42:11.831+0200 [DEBUG] [org.gradle.launcher.daemon.server.DefaultIncomingConnectionHandler] Finishing executing command: StopWhenIdle[id=23a80675-7a99-45f7-87fb-756c7ef3690f]
2022-08-19T17:42:11.832+0200 [DEBUG] [org.gradle.launcher.daemon.server.DaemonRegistryUpdater] Removing our presence to clients, eg. removing this address from the registry: [ad0d38d3-bade-4868-992c-0c463143f44c port:50965, addresses:[localhost/127.0.0.1]]
2022-08-19T17:42:11.832+0200 [DEBUG] [org.gradle.launcher.daemon.server.SynchronizedDispatchConnection] thread 300: received class org.gradle.launcher.daemon.protocol.Finished
2022-08-19T17:42:11.832+0200 [DEBUG] [org.gradle.launcher.daemon.registry.PersistentDaemonRegistry] Removing daemon address: [ad0d38d3-bade-4868-992c-0c463143f44c port:50965, addresses:[localhost/127.0.0.1]]
2022-08-19T17:42:11.832+0200 [DEBUG] [org.gradle.launcher.daemon.server.DefaultDaemonConnection] thread 300: Received non-IO message from client: org.gradle.launcher.daemon.protocol.Finished@56537d33
2022-08-19T17:42:11.832+0200 [DEBUG] [org.gradle.launcher.daemon.server.DefaultIncomingConnectionHandler] Received finished message: org.gradle.launcher.daemon.protocol.Finished@56537d33
2022-08-19T17:42:11.832+0200 [DEBUG] [org.gradle.internal.remote.internal.inet.SocketConnection] Discarding EOFException: java.io.EOFException
2022-08-19T17:42:11.832+0200 [DEBUG] [org.gradle.launcher.daemon.server.SynchronizedDispatchConnection] thread 299: stopping connection
2022-08-19T17:42:11.832+0200 [DEBUG] [org.gradle.launcher.daemon.server.SynchronizedDispatchConnection] thread 300: received null
2022-08-19T17:42:11.832+0200 [DEBUG] [org.gradle.launcher.daemon.server.DefaultDaemonConnection] thread 300: Received end-of-input from client.
2022-08-19T17:42:11.833+0200 [DEBUG] [org.gradle.launcher.daemon.server.SynchronizedDispatchConnection] thread 299: stopping connection
2022-08-19T17:42:11.837+0200 [DEBUG] [org.gradle.cache.internal.DefaultFileLockManager] Waiting to acquire exclusive lock on daemon addresses registry.
2022-08-19T17:42:11.838+0200 [DEBUG] [org.gradle.cache.internal.DefaultFileLockManager] Lock acquired on daemon addresses registry.
2022-08-19T17:42:11.843+0200 [DEBUG] [org.gradle.cache.internal.DefaultFileLockManager] Releasing lock on daemon addresses registry.
2022-08-19T17:42:11.843+0200 [DEBUG] [org.gradle.launcher.daemon.server.DaemonRegistryUpdater] Address removed from registry.
2022-08-19T17:42:11.844+0200 [DEBUG] [org.gradle.cache.internal.LockOnDemandCrossProcessCacheAccess] Releasing file lock for jars (D:\Files\Trainings\SilverKey Technologies\Android Intern\NewsFeed\caches\jars-9)
2022-08-19T17:42:11.845+0200 [DEBUG] [org.gradle.cache.internal.DefaultFileLockManager] Releasing lock on jars (D:\Files\Trainings\SilverKey Technologies\Android Intern\NewsFeed\caches\jars-9).
2022-08-19T17:42:11.845+0200 [DEBUG] [org.gradle.cache.internal.DefaultPersistentDirectoryStore] jars (D:\Files\Trainings\SilverKey Technologies\Android Intern\NewsFeed\caches\jars-9) has last been fully cleaned up 24 hours ago
2022-08-19T17:42:11.847+0200 [INFO] [org.gradle.cache.internal.AbstractCacheCleanup] jars (D:\Files\Trainings\SilverKey Technologies\Android Intern\NewsFeed\caches\jars-9) cleanup deleted 0 files/directories.
2022-08-19T17:42:11.847+0200 [INFO] [org.gradle.cache.internal.LeastRecentlyUsedCacheCleanup] jars (D:\Files\Trainings\SilverKey Technologies\Android Intern\NewsFeed\caches\jars-9) removing files not accessed on or after Fri Aug 12 17:39:56 EET 2022.
2022-08-19T17:42:11.861+0200 [INFO] [org.gradle.cache.internal.AbstractCacheCleanup] jars (D:\Files\Trainings\SilverKey Technologies\Android Intern\NewsFeed\caches\jars-9) cleanup deleted 0 files/directories.
2022-08-19T17:42:11.862+0200 [INFO] [org.gradle.cache.internal.DefaultPersistentDirectoryStore] jars (D:\Files\Trainings\SilverKey Technologies\Android Intern\NewsFeed\caches\jars-9) cleaned up in 0.016 secs.
2022-08-19T17:42:11.862+0200 [DEBUG] [org.gradle.cache.internal.LockOnDemandCrossProcessCacheAccess] Releasing file lock for Artifact transforms cache (D:\Files\Trainings\SilverKey Technologies\Android Intern\NewsFeed\caches\transforms-3)
2022-08-19T17:42:11.862+0200 [DEBUG] [org.gradle.cache.internal.DefaultFileLockManager] Releasing lock on Artifact transforms cache (D:\Files\Trainings\SilverKey Technologies\Android Intern\NewsFeed\caches\transforms-3).
2022-08-19T17:42:11.862+0200 [DEBUG] [org.gradle.cache.internal.DefaultPersistentDirectoryStore] Artifact transforms cache (D:\Files\Trainings\SilverKey Technologies\Android Intern\NewsFeed\caches\transforms-3) has last been fully cleaned up 24 hours ago
2022-08-19T17:42:11.863+0200 [INFO] [org.gradle.cache.internal.LeastRecentlyUsedCacheCleanup] Artifact transforms cache (D:\Files\Trainings\SilverKey Technologies\Android Intern\NewsFeed\caches\transforms-3) removing files not accessed on or after Fri Aug 12 17:39:57 EET 2022.
2022-08-19T17:42:11.924+0200 [INFO] [org.gradle.cache.internal.AbstractCacheCleanup] Artifact transforms cache (D:\Files\Trainings\SilverKey Technologies\Android Intern\NewsFeed\caches\transforms-3) cleanup deleted 0 files/directories.
2022-08-19T17:42:11.925+0200 [INFO] [org.gradle.cache.internal.DefaultPersistentDirectoryStore] Artifact transforms cache (D:\Files\Trainings\SilverKey Technologies\Android Intern\NewsFeed\caches\transforms-3) cleaned up in 0.062 secs.
2022-08-19T17:42:11.929+0200 [DEBUG] [org.gradle.cache.internal.LockOnDemandCrossProcessCacheAccess] Releasing file lock for file content cache (D:\Files\Trainings\SilverKey Technologies\Android Intern\NewsFeed\caches\7.5.1\fileContent)
2022-08-19T17:42:11.929+0200 [DEBUG] [org.gradle.cache.internal.DefaultFileLockManager] Releasing lock on file content cache (D:\Files\Trainings\SilverKey Technologies\Android Intern\NewsFeed\caches\7.5.1\fileContent).
2022-08-19T17:42:11.930+0200 [DEBUG] [org.gradle.internal.watch.vfs.impl.WatchingVirtualFileSystem] Closing VFS, dropping state
2022-08-19T17:42:11.931+0200 [DEBUG] [org.gradle.cache.internal.DefaultCacheAccess] Cache Generated Gradle JARs cache (D:\Files\Trainings\SilverKey Technologies\Android Intern\NewsFeed\caches\7.5.1\generated-gradle-jars) was closed 0 times.
2022-08-19T17:42:11.931+0200 [DEBUG] [org.gradle.internal.watch.registry.impl.DefaultFileWatcherRegistry] Finished listening to file system change events
2022-08-19T17:42:11.931+0200 [DEBUG] [org.gradle.cache.internal.LockOnDemandCrossProcessCacheAccess] Releasing file lock for artifact cache (D:\Files\Trainings\SilverKey Technologies\Android Intern\NewsFeed\caches\modules-2)
2022-08-19T17:42:11.931+0200 [DEBUG] [org.gradle.cache.internal.btree.BTreePersistentIndexedCache] Closing cache module-metadata.bin (D:\Files\Trainings\SilverKey Technologies\Android Intern\NewsFeed\caches\modules-2\metadata-2.99\module-metadata.bin)
2022-08-19T17:42:11.931+0200 [DEBUG] [org.gradle.cache.internal.btree.BTreePersistentIndexedCache] Closing cache module-artifact.bin (D:\Files\Trainings\SilverKey Technologies\Android Intern\NewsFeed\caches\modules-2\metadata-2.99\module-artifact.bin)
2022-08-19T17:42:11.932+0200 [DEBUG] [org.gradle.cache.internal.DefaultFileLockManager] Releasing lock on artifact cache (D:\Files\Trainings\SilverKey Technologies\Android Intern\NewsFeed\caches\modules-2).
2022-08-19T17:42:11.932+0200 [DEBUG] [org.gradle.cache.internal.DefaultPersistentDirectoryStore] artifact cache (D:\Files\Trainings\SilverKey Technologies\Android Intern\NewsFeed\caches\modules-2) has last been fully cleaned up 24 hours ago
2022-08-19T17:42:11.933+0200 [INFO] [org.gradle.cache.internal.AbstractCacheCleanup] artifact cache (D:\Files\Trainings\SilverKey Technologies\Android Intern\NewsFeed\caches\modules-2) cleanup deleted 0 files/directories.
2022-08-19T17:42:11.933+0200 [INFO] [org.gradle.cache.internal.AbstractCacheCleanup] artifact cache (D:\Files\Trainings\SilverKey Technologies\Android Intern\NewsFeed\caches\modules-2) [subdir: D:\Files\Trainings\SilverKey Technologies\Android Intern\NewsFeed\caches\modules-2\resources-2.1] cleanup deleted 0 files/directories.
2022-08-19T17:42:11.933+0200 [INFO] [org.gradle.cache.internal.LeastRecentlyUsedCacheCleanup] artifact cache (D:\Files\Trainings\SilverKey Technologies\Android Intern\NewsFeed\caches\modules-2) [subdir: D:\Files\Trainings\SilverKey Technologies\Android Intern\NewsFeed\caches\modules-2\resources-2.1] removing files not accessed on or after Wed Jul 20 17:39:58 EET 2022.
2022-08-19T17:42:11.934+0200 [INFO] [org.gradle.cache.internal.AbstractCacheCleanup] artifact cache (D:\Files\Trainings\SilverKey Technologies\Android Intern\NewsFeed\caches\modules-2) [subdir: D:\Files\Trainings\SilverKey Technologies\Android Intern\NewsFeed\caches\modules-2\resources-2.1] cleanup deleted 0 files/directories.
2022-08-19T17:42:11.934+0200 [INFO] [org.gradle.cache.internal.AbstractCacheCleanup] artifact cache (D:\Files\Trainings\SilverKey Technologies\Android Intern\NewsFeed\caches\modules-2) [subdir: D:\Files\Trainings\SilverKey Technologies\Android Intern\NewsFeed\caches\modules-2\files-2.1] cleanup deleted 0 files/directories.
2022-08-19T17:42:11.934+0200 [INFO] [org.gradle.cache.internal.LeastRecentlyUsedCacheCleanup] artifact cache (D:\Files\Trainings\SilverKey Technologies\Android Intern\NewsFeed\caches\modules-2) [subdir: D:\Files\Trainings\SilverKey Technologies\Android Intern\NewsFeed\caches\modules-2\files-2.1] removing files not accessed on or after Wed Jul 20 17:39:58 EET 2022.
2022-08-19T17:42:11.997+0200 [INFO] [org.gradle.cache.internal.AbstractCacheCleanup] artifact cache (D:\Files\Trainings\SilverKey Technologies\Android Intern\NewsFeed\caches\modules-2) [subdir: D:\Files\Trainings\SilverKey Technologies\Android Intern\NewsFeed\caches\modules-2\files-2.1] cleanup deleted 0 files/directories.
2022-08-19T17:42:11.997+0200 [INFO] [org.gradle.cache.internal.AbstractCacheCleanup] artifact cache (D:\Files\Trainings\SilverKey Technologies\Android Intern\NewsFeed\caches\modules-2) [subdir: D:\Files\Trainings\SilverKey Technologies\Android Intern\NewsFeed\caches\modules-2\metadata-2.99] cleanup deleted 0 files/directories.
2022-08-19T17:42:11.997+0200 [INFO] [org.gradle.cache.internal.DefaultPersistentDirectoryStore] artifact cache (D:\Files\Trainings\SilverKey Technologies\Android Intern\NewsFeed\caches\modules-2) cleaned up in 0.065 secs.
2022-08-19T17:42:11.998+0200 [DEBUG] [org.gradle.cache.internal.LockOnDemandCrossProcessCacheAccess] Releasing file lock for journal cache (D:\Files\Trainings\SilverKey Technologies\Android Intern\NewsFeed\caches\journal-1)
2022-08-19T17:42:11.998+0200 [DEBUG] [org.gradle.cache.internal.btree.BTreePersistentIndexedCache] Closing cache file-access.bin (D:\Files\Trainings\SilverKey Technologies\Android Intern\NewsFeed\caches\journal-1\file-access.bin)
2022-08-19T17:42:11.998+0200 [DEBUG] [org.gradle.cache.internal.DefaultFileLockManager] Releasing lock on journal cache (D:\Files\Trainings\SilverKey Technologies\Android Intern\NewsFeed\caches\journal-1).
2022-08-19T17:42:11.999+0200 [DEBUG] [org.gradle.cache.internal.LockOnDemandCrossProcessCacheAccess] Releasing file lock for file hash cache (D:\Files\Trainings\SilverKey Technologies\Android Intern\NewsFeed\caches\7.5.1\fileHashes)
2022-08-19T17:42:11.999+0200 [DEBUG] [org.gradle.cache.internal.btree.BTreePersistentIndexedCache] Closing cache fileHashes.bin (D:\Files\Trainings\SilverKey Technologies\Android Intern\NewsFeed\caches\7.5.1\fileHashes\fileHashes.bin)
2022-08-19T17:42:11.999+0200 [DEBUG] [org.gradle.cache.internal.btree.BTreePersistentIndexedCache] Closing cache resourceHashesCache.bin (D:\Files\Trainings\SilverKey Technologies\Android Intern\NewsFeed\caches\7.5.1\fileHashes\resourceHashesCache.bin)
2022-08-19T17:42:11.999+0200 [DEBUG] [org.gradle.cache.internal.DefaultFileLockManager] Releasing lock on file hash cache (D:\Files\Trainings\SilverKey Technologies\Android Intern\NewsFeed\caches\7.5.1\fileHashes).
2022-08-19T17:42:12.000+0200 [DEBUG] [org.gradle.cache.internal.LockOnDemandCrossProcessCacheAccess] Releasing file lock for execution history cache (D:\Files\Trainings\SilverKey Technologies\Android Intern\NewsFeed\caches\7.5.1\executionHistory)
2022-08-19T17:42:12.000+0200 [DEBUG] [org.gradle.cache.internal.btree.BTreePersistentIndexedCache] Closing cache executionHistory.bin (D:\Files\Trainings\SilverKey Technologies\Android Intern\NewsFeed\caches\7.5.1\executionHistory\executionHistory.bin)
2022-08-19T17:42:12.000+0200 [DEBUG] [org.gradle.cache.internal.DefaultFileLockManager] Releasing lock on execution history cache (D:\Files\Trainings\SilverKey Technologies\Android Intern\NewsFeed\caches\7.5.1\executionHistory).
2022-08-19T17:42:12.000+0200 [DEBUG] [org.gradle.cache.internal.LockOnDemandCrossProcessCacheAccess] Releasing file lock for Java compile cache (D:\Files\Trainings\SilverKey Technologies\Android Intern\NewsFeed\caches\7.5.1\javaCompile)
2022-08-19T17:42:12.000+0200 [DEBUG] [org.gradle.cache.internal.btree.BTreePersistentIndexedCache] Closing cache jarAnalysis.bin (D:\Files\Trainings\SilverKey Technologies\Android Intern\NewsFeed\caches\7.5.1\javaCompile\jarAnalysis.bin)
2022-08-19T17:42:12.000+0200 [DEBUG] [org.gradle.cache.internal.btree.BTreePersistentIndexedCache] Closing cache classAnalysis.bin (D:\Files\Trainings\SilverKey Technologies\Android Intern\NewsFeed\caches\7.5.1\javaCompile\classAnalysis.bin)
2022-08-19T17:42:12.000+0200 [DEBUG] [org.gradle.cache.internal.DefaultFileLockManager] Releasing lock on Java compile cache (D:\Files\Trainings\SilverKey Technologies\Android Intern\NewsFeed\caches\7.5.1\javaCompile).
2022-08-19T17:42:12.003+0200 [DEBUG] [org.gradle.cache.internal.VersionSpecificCacheCleanupAction] Processed version-specific caches at D:\Files\Trainings\SilverKey Technologies\Android Intern\NewsFeed\caches for cleanup in 0.0 secs
Daemon vm is shutting down... The daemon has exited normally or was terminated in response to a user interrupt.
2022-08-19T17:42:12.016+0200 [DEBUG] [org.gradle.launcher.daemon.registry.PersistentDaemonRegistry] Removing daemon address: [ad0d38d3-bade-4868-992c-0c463143f44c port:50965, addresses:[localhost/127.0.0.1]]
2022-08-19T17:42:12.020+0200 [DEBUG] [org.gradle.cache.internal.DefaultFileLockManager] Waiting to acquire exclusive lock on daemon addresses registry.
2022-08-19T17:42:12.020+0200 [DEBUG] [org.gradle.cache.internal.DefaultFileLockManager] Lock acquired on daemon addresses registry.
2022-08-19T17:42:12.023+0200 [DEBUG] [org.gradle.cache.internal.DefaultFileLockManager] Releasing lock on daemon addresses registry.
