#
# There is insufficient memory for the Java Runtime Environment to continue.
# Native memory allocation (mmap) failed to map 266338304 bytes for Failed to commit area from 0x0000000080000000 to 0x000000008fe00000 of length 266338304.
# Possible reasons:
#   The system is out of physical RAM or swap space
#   The process is running with CompressedOops enabled, and the Java Heap may be blocking the growth of the native heap
# Possible solutions:
#   Reduce memory load on the system
#   Increase physical memory or swap space
#   Check if swap backing store is full
#   Decrease Java heap size (-Xmx/-Xms)
#   Decrease number of Java threads
#   Decrease Java thread stack sizes (-Xss)
#   Set larger code cache with -XX:ReservedCodeCacheSize=
# This output file may be truncated or incomplete.
#
#  Out of Memory Error (./src/hotspot/os/windows/os_windows.cpp:3301), pid=20556, tid=20312
#
# JRE version:  (11.0.11+9) (build )
# Java VM: OpenJDK 64-Bit Server VM (11.0.11+9-b60-7590822, mixed mode, sharing, tiered, compressed oops, g1 gc, windows-amd64)
# No core dump will be written. Minidumps are not enabled by default on client versions of Windows
#

---------------  S U M M A R Y ------------

Command Line: --add-opens=java.base/java.util=ALL-UNNAMED --add-opens=java.base/java.lang=ALL-UNNAMED --add-opens=java.base/java.lang.invoke=ALL-UNNAMED --add-opens=java.base/java.util=ALL-UNNAMED --add-opens=java.prefs/java.util.prefs=ALL-UNNAMED --add-opens=java.prefs/java.util.prefs=ALL-UNNAMED --add-opens=java.base/java.nio.charset=ALL-UNNAMED --add-opens=java.base/java.net=ALL-UNNAMED --add-opens=java.base/java.util.concurrent.atomic=ALL-UNNAMED -Xmx2048m -Dfile.encoding=UTF-8 -Duser.country=US -Duser.language=en -Duser.variant org.gradle.launcher.daemon.bootstrap.GradleDaemon 7.5.1

Host: 11th Gen Intel(R) Core(TM) i7-11800H @ 2.30GHz, 16 cores, 15G,  Windows 10 , 64 bit Build 22000 (10.0.22000.708)
Time: Tue Sep 20 18:49:54 2022 Egypt Standard Time elapsed time: 0.007697 seconds (0d 0h 0m 0s)

---------------  T H R E A D  ---------------

Current thread (0x0000019ad7083000):  JavaThread "Unknown thread" [_thread_in_vm, id=20312, stack(0x0000007b10e00000,0x0000007b10f00000)]

Stack: [0x0000007b10e00000,0x0000007b10f00000]
Native frames: (J=compiled Java code, j=interpreted, Vv=VM code, C=native code)
V  [jvm.dll+0x5f214a]
V  [jvm.dll+0x726fb5]
V  [jvm.dll+0x7285cd]
V  [jvm.dll+0x728c83]
V  [jvm.dll+0x243278]
V  [jvm.dll+0x5ef544]
V  [jvm.dll+0x5e4495]
V  [jvm.dll+0x2fec5b]
V  [jvm.dll+0x2febca]
V  [jvm.dll+0x2feaa2]
V  [jvm.dll+0x303986]
V  [jvm.dll+0x34c3a3]
V  [jvm.dll+0x34caa6]
V  [jvm.dll+0x34c4a3]
V  [jvm.dll+0x2d9688]
V  [jvm.dll+0x2da837]
V  [jvm.dll+0x705ba7]
V  [jvm.dll+0x70739c]
V  [jvm.dll+0x3598f9]
V  [jvm.dll+0x6e931e]
V  [jvm.dll+0x3c1c43]
V  [jvm.dll+0x3c3e81]
C  [jli.dll+0x5373]
C  [ucrtbase.dll+0x26c0c]
C  [KERNEL32.DLL+0x154e0]
C  [ntdll.dll+0x485b]


---------------  P R O C E S S  ---------------

Threads class SMR info:
_java_thread_list=0x0000019ad4dd25b0, length=0, elements={
}

Java Threads: ( => current thread )

Other Threads:
  0x0000019ad709d000 GCTaskThread "GC Thread#0" [stack: 0x0000007b10f00000,0x0000007b11000000] [id=18344]
  0x0000019ad70cf000 ConcurrentGCThread "G1 Main Marker" [stack: 0x0000007b11000000,0x0000007b11100000] [id=25068]
  0x0000019ad70d1000 ConcurrentGCThread "G1 Conc#0" [stack: 0x0000007b11100000,0x0000007b11200000] [id=2828]

[error occurred during error reporting (printing all threads), id 0xc0000005, EXCEPTION_ACCESS_VIOLATION (0xc0000005) at pc=0x00007ffc0acd9c47]

VM state:not at safepoint (not fully initialized)

VM Mutex/Monitor currently owned by a thread:  ([mutex/lock_event])
[0x0000019ad707f100] Heap_lock - owner thread: 0x0000019ad7083000

Heap address: 0x0000000080000000, size: 2048 MB, Compressed Oops mode: Non-zero based: 0x0000000080000000
Narrow klass base: 0x0000000000000000, Narrow klass shift: 0

GC Heap History (0 events):
No events

Deoptimization events (0 events):
No events

Classes redefined (0 events):
No events

Internal exceptions (0 events):
No events

Events (1 events):
Event: 0.005 Loaded shared library D:\Programs\Android\Android Studio\jre\bin\zip.dll


Dynamic libraries:
0x00007ff752f60000 - 0x00007ff752f6a000 	D:\Programs\Android\Android Studio\jre\bin\java.exe
0x00007ffc6d140000 - 0x00007ffc6d349000 	C:\WINDOWS\SYSTEM32\ntdll.dll
0x00007ffc6c550000 - 0x00007ffc6c60d000 	C:\WINDOWS\System32\KERNEL32.DLL
0x00007ffc6a620000 - 0x00007ffc6a99c000 	C:\WINDOWS\System32\KERNELBASE.dll
0x00007ffc6adf0000 - 0x00007ffc6af01000 	C:\WINDOWS\System32\ucrtbase.dll
0x00007ffc5a950000 - 0x00007ffc5a967000 	D:\Programs\Android\Android Studio\jre\bin\VCRUNTIME140.dll
0x00007ffc5ab60000 - 0x00007ffc5ab79000 	D:\Programs\Android\Android Studio\jre\bin\jli.dll
0x00007ffc6bf50000 - 0x00007ffc6c0fd000 	C:\WINDOWS\System32\USER32.dll
0x00007ffc6aa40000 - 0x00007ffc6aa66000 	C:\WINDOWS\System32\win32u.dll
0x00007ffc53af0000 - 0x00007ffc53d95000 	C:\WINDOWS\WinSxS\amd64_microsoft.windows.common-controls_6595b64144ccf1df_6.0.22000.120_none_9d947278b86cc467\COMCTL32.dll
0x00007ffc6cec0000 - 0x00007ffc6cee9000 	C:\WINDOWS\System32\GDI32.dll
0x00007ffc6ba40000 - 0x00007ffc6bae3000 	C:\WINDOWS\System32\msvcrt.dll
0x00007ffc6ac60000 - 0x00007ffc6ad79000 	C:\WINDOWS\System32\gdi32full.dll
0x00007ffc6a9a0000 - 0x00007ffc6aa3d000 	C:\WINDOWS\System32\msvcp_win.dll
0x00007ffc6b0e0000 - 0x00007ffc6b111000 	C:\WINDOWS\System32\IMM32.DLL
0x00007ffc41a40000 - 0x00007ffc41add000 	D:\Programs\Android\Android Studio\jre\bin\msvcp140.dll
0x00007ffc0a9f0000 - 0x00007ffc0b4c5000 	D:\Programs\Android\Android Studio\jre\bin\server\jvm.dll
0x00007ffc6c120000 - 0x00007ffc6c1ce000 	C:\WINDOWS\System32\ADVAPI32.dll
0x00007ffc6bdd0000 - 0x00007ffc6be6e000 	C:\WINDOWS\System32\sechost.dll
0x00007ffc6bbb0000 - 0x00007ffc6bcd0000 	C:\WINDOWS\System32\RPCRT4.dll
0x00007ffc6b0c0000 - 0x00007ffc6b0c8000 	C:\WINDOWS\System32\PSAPI.DLL
0x00007ffc5e1c0000 - 0x00007ffc5e1f3000 	C:\WINDOWS\SYSTEM32\WINMM.dll
0x00007ffc5bb90000 - 0x00007ffc5bb99000 	C:\WINDOWS\SYSTEM32\WSOCK32.dll
0x00007ffc63340000 - 0x00007ffc6334a000 	C:\WINDOWS\SYSTEM32\VERSION.dll
0x00007ffc6cef0000 - 0x00007ffc6cf5f000 	C:\WINDOWS\System32\WS2_32.dll
0x00007ffc697c0000 - 0x00007ffc697d8000 	C:\WINDOWS\SYSTEM32\kernel.appcore.dll
0x00007ffc66120000 - 0x00007ffc66131000 	D:\Programs\Android\Android Studio\jre\bin\verify.dll
0x00007ffc67b90000 - 0x00007ffc67db1000 	C:\WINDOWS\SYSTEM32\DBGHELP.DLL
0x00007ffc4dde0000 - 0x00007ffc4de11000 	C:\WINDOWS\SYSTEM32\dbgcore.DLL
0x00007ffc6aa70000 - 0x00007ffc6aaef000 	C:\WINDOWS\System32\bcryptPrimitives.dll
0x00007ffc64d30000 - 0x00007ffc64d59000 	D:\Programs\Android\Android Studio\jre\bin\java.dll
0x00007ffc66200000 - 0x00007ffc6620b000 	D:\Programs\Android\Android Studio\jre\bin\jimage.dll
0x00007ffc64710000 - 0x00007ffc64728000 	D:\Programs\Android\Android Studio\jre\bin\zip.dll

dbghelp: loaded successfully - version: 4.0.5 - missing functions: none
symbol engine: initialized successfully - sym options: 0x614 - pdb path: .;D:\Programs\Android\Android Studio\jre\bin;C:\WINDOWS\SYSTEM32;C:\WINDOWS\WinSxS\amd64_microsoft.windows.common-controls_6595b64144ccf1df_6.0.22000.120_none_9d947278b86cc467;D:\Programs\Android\Android Studio\jre\bin\server

VM Arguments:
jvm_args: --add-opens=java.base/java.util=ALL-UNNAMED --add-opens=java.base/java.lang=ALL-UNNAMED --add-opens=java.base/java.lang.invoke=ALL-UNNAMED --add-opens=java.base/java.util=ALL-UNNAMED --add-opens=java.prefs/java.util.prefs=ALL-UNNAMED --add-opens=java.prefs/java.util.prefs=ALL-UNNAMED --add-opens=java.base/java.nio.charset=ALL-UNNAMED --add-opens=java.base/java.net=ALL-UNNAMED --add-opens=java.base/java.util.concurrent.atomic=ALL-UNNAMED -Xmx2048m -Dfile.encoding=UTF-8 -Duser.country=US -Duser.language=en -Duser.variant 
java_command: org.gradle.launcher.daemon.bootstrap.GradleDaemon 7.5.1
java_class_path (initial): D:\Files\Trainings\SilverKey Technologies\Android Intern\NewsFeed\wrapper\dists\gradle-7.5.1-bin\7jzzequgds1hbszbhq3npc5ng\gradle-7.5.1\lib\gradle-launcher-7.5.1.jar
Launcher Type: SUN_STANDARD

[Global flags]
     intx CICompilerCount                          = 12                                        {product} {ergonomic}
     uint ConcGCThreads                            = 3                                         {product} {ergonomic}
     uint G1ConcRefinementThreads                  = 13                                        {product} {ergonomic}
   size_t G1HeapRegionSize                         = 1048576                                   {product} {ergonomic}
    uintx GCDrainStackTargetSize                   = 64                                        {product} {ergonomic}
   size_t InitialHeapSize                          = 266338304                                 {product} {ergonomic}
   size_t MarkStackSize                            = 4194304                                   {product} {ergonomic}
   size_t MaxHeapSize                              = 2147483648                                {product} {command line}
   size_t MinHeapDeltaBytes                        = 1048576                                   {product} {ergonomic}
    uintx NonNMethodCodeHeapSize                   = 7594288                                {pd product} {ergonomic}
    uintx NonProfiledCodeHeapSize                  = 122031976                              {pd product} {ergonomic}
    uintx ProfiledCodeHeapSize                     = 122031976                              {pd product} {ergonomic}
    uintx ReservedCodeCacheSize                    = 251658240                              {pd product} {ergonomic}
     bool SegmentedCodeCache                       = true                                      {product} {ergonomic}
     bool UseCompressedClassPointers               = true                                 {lp64_product} {ergonomic}
     bool UseCompressedOops                        = true                                 {lp64_product} {ergonomic}
     bool UseG1GC                                  = true                                      {product} {ergonomic}
     bool UseLargePagesIndividualAllocation        = false                                  {pd product} {ergonomic}

Logging:
Log output configuration:
 #0: stdout all=warning uptime,level,tags
 #1: stderr all=off uptime,level,tags

Environment Variables:
JAVA_HOME=C:\Program Files\Java\jdk1.8.0_202
PATH=C:\Program Files\Java\jdk1.8.0_202\bin;%JRE_HOME%\bin;C:\Program Files\Common Files\Oracle\Java\javapath;C:\Program Files (x86)\Common Files\Oracle\Java\javapath;C:\Windows\system32;C:\Windows;C:\Windows\System32\Wbem;C:\Windows\System32\WindowsPowerShell\v1.0\;C:\Windows\System32\OpenSSH\;C:\Program Files\NVIDIA Corporation\NVIDIA NvDLISR;C:\Program Files (x86)\NVIDIA Corporation\PhysX\Common;D:\Programs\GitHub CLI\;D:\Programs\Git\cmd;D:\Programs\Maven\bin;D:\Programs\Gradle\bin;C:\Program Files\Docker\Docker\resources\bin;C:\ProgramData\DockerDesktop\version-bin;C:\WINDOWS\system32;C:\WINDOWS;C:\WINDOWS\System32\Wbem;C:\WINDOWS\System32\WindowsPowerShell\v1.0\;C:\WINDOWS\System32\OpenSSH\;C:\Program Files\PuTTY\;C:\Program Files\Amazon\AWSCLIV2\;D:\Programs\msys64\mingw64\bin;C:\Program Files\Microsoft SQL Server\Client SDK\ODBC\170\Tools\Binn\;C:\Program Files\dotnet\;D:\Programs (x86)\Microsoft SQL Server\150\Tools\Binn\;C:\Users\ellet\AppData\Local\Programs\Python\Python310\Scripts\;C:\Users\ellet\AppData\Local\Programs\Python\Python310\;D:\Programs\flutter\bin;C:\Users\ellet\.dotnet\tools;D:\Programs\Microsoft VS Code\bin
USERNAME=ellet
OS=Windows_NT
PROCESSOR_IDENTIFIER=Intel64 Family 6 Model 141 Stepping 1, GenuineIntel



---------------  S Y S T E M  ---------------

OS: Windows 10 , 64 bit Build 22000 (10.0.22000.708)
OS uptime: 3 days 18:53 hours
Hyper-V role detected

CPU:total 16 (initial active 16) (8 cores per cpu, 2 threads per core) family 6 model 141 stepping 1 microcode 0x3c, cmov, cx8, fxsr, mmx, sse, sse2, sse3, ssse3, sse4.1, sse4.2, popcnt, avx, avx2, aes, clmul, erms, 3dnowpref, lzcnt, ht, tsc, tscinvbit, bmi1, bmi2, adx, evex, sha, fma

Memory: 4k page, system-wide physical 16151M (4002M free)
TotalPageFile size 47611M (AvailPageFile size 154M)
current process WorkingSet (physical memory assigned to process): 10M, peak: 10M
current process commit charge ("private bytes"): 70M, peak: 324M

vm_info: OpenJDK 64-Bit Server VM (11.0.11+9-b60-7590822) for windows-amd64 JRE (11.0.11+9-b60-7590822), built on Jul 29 2021 21:43:44 by "builder" with MS VC++ 14.0 (VS2015)

END.
